0 info it worked if it ends with ok
1 verbose cli [ '/usr/local/bin/node',
1 verbose cli   '/usr/local/bin/npm',
1 verbose cli   'install',
1 verbose cli   'jquery',
1 verbose cli   'echarts',
1 verbose cli   'bootstrap',
1 verbose cli   '--save-dev' ]
2 info using npm@3.8.3
3 info using node@v4.1.0
4 silly loadCurrentTree Starting
5 silly install loadCurrentTree
6 silly install readLocalPackageData
7 silly fetchPackageMetaData jquery
8 silly fetchPackageMetaData echarts
9 silly fetchPackageMetaData bootstrap
10 silly fetchNamedPackageData jquery
11 silly mapToRegistry name jquery
12 silly mapToRegistry using default registry
13 silly mapToRegistry registry https://registry.npmjs.org/
14 silly mapToRegistry data Result {
14 silly mapToRegistry   raw: 'jquery',
14 silly mapToRegistry   scope: null,
14 silly mapToRegistry   name: 'jquery',
14 silly mapToRegistry   rawSpec: '',
14 silly mapToRegistry   spec: 'latest',
14 silly mapToRegistry   type: 'tag' }
15 silly mapToRegistry uri https://registry.npmjs.org/jquery
16 silly fetchNamedPackageData bootstrap
17 silly mapToRegistry name bootstrap
18 silly mapToRegistry using default registry
19 silly mapToRegistry registry https://registry.npmjs.org/
20 silly mapToRegistry data Result {
20 silly mapToRegistry   raw: 'bootstrap',
20 silly mapToRegistry   scope: null,
20 silly mapToRegistry   name: 'bootstrap',
20 silly mapToRegistry   rawSpec: '',
20 silly mapToRegistry   spec: 'latest',
20 silly mapToRegistry   type: 'tag' }
21 silly mapToRegistry uri https://registry.npmjs.org/bootstrap
22 silly fetchNamedPackageData echarts
23 silly mapToRegistry name echarts
24 silly mapToRegistry using default registry
25 silly mapToRegistry registry https://registry.npmjs.org/
26 silly mapToRegistry data Result {
26 silly mapToRegistry   raw: 'echarts',
26 silly mapToRegistry   scope: null,
26 silly mapToRegistry   name: 'echarts',
26 silly mapToRegistry   rawSpec: '',
26 silly mapToRegistry   spec: 'latest',
26 silly mapToRegistry   type: 'tag' }
27 silly mapToRegistry uri https://registry.npmjs.org/echarts
28 verbose request uri https://registry.npmjs.org/bootstrap
29 verbose request no auth needed
30 info attempt registry request try #1 at 22:24:56
31 verbose request id 7d084a00e5df4354
32 verbose etag "6PA6NGPGSQUY3FYJL80MDGMU5"
33 http request GET https://registry.npmjs.org/bootstrap
34 verbose request uri https://registry.npmjs.org/echarts
35 verbose request no auth needed
36 info attempt registry request try #1 at 22:24:56
37 verbose etag "6Z37F7ZGEKXI2NPF6BI5P81KU"
38 http request GET https://registry.npmjs.org/echarts
39 verbose request uri https://registry.npmjs.org/jquery
40 verbose request no auth needed
41 info attempt registry request try #1 at 22:24:56
42 verbose etag "9UC73LBZGT1B6W90DUQUFO2FD"
43 http request GET https://registry.npmjs.org/jquery
44 http 200 https://registry.npmjs.org/bootstrap
45 silly get cb [ 200,
45 silly get   { server: 'CouchDB/1.5.0 (Erlang OTP/R16B03)',
45 silly get     etag: '"39BZDAGWC68A97JGSTP2Y4BBM"',
45 silly get     'content-type': 'application/json',
45 silly get     'content-encoding': 'gzip',
45 silly get     'cache-control': 'max-age=300',
45 silly get     'content-length': '8024',
45 silly get     'accept-ranges': 'bytes',
45 silly get     date: 'Sun, 05 Jun 2016 14:24:54 GMT',
45 silly get     via: '1.1 varnish',
45 silly get     age: '94',
45 silly get     connection: 'keep-alive',
45 silly get     'x-served-by': 'cache-sin6927-SIN',
45 silly get     'x-cache': 'HIT',
45 silly get     'x-cache-hits': '2',
45 silly get     'x-timer': 'S1465136694.457578,VS0,VE0',
45 silly get     vary: 'Accept-Encoding' } ]
46 verbose get saving bootstrap to /Users/overkazaf/.npm/registry.npmjs.org/bootstrap/.cache.json
47 verbose correctMkdir /Users/overkazaf/.npm correctMkdir not in flight; initializing
48 http 200 https://registry.npmjs.org/jquery
49 silly get cb [ 200,
49 silly get   { server: 'CouchDB/1.5.0 (Erlang OTP/R16B03)',
49 silly get     etag: '"A9ALOVAMK6NWXW5XUVM03BTDW"',
49 silly get     'content-type': 'application/json',
49 silly get     'content-encoding': 'gzip',
49 silly get     'cache-control': 'max-age=300',
49 silly get     'content-length': '10722',
49 silly get     'accept-ranges': 'bytes',
49 silly get     date: 'Sun, 05 Jun 2016 14:24:54 GMT',
49 silly get     via: '1.1 varnish',
49 silly get     age: '260',
49 silly get     connection: 'keep-alive',
49 silly get     'x-served-by': 'cache-sin6927-SIN',
49 silly get     'x-cache': 'HIT',
49 silly get     'x-cache-hits': '2',
49 silly get     'x-timer': 'S1465136694.455723,VS0,VE0',
49 silly get     vary: 'Accept-Encoding' } ]
50 verbose get saving jquery to /Users/overkazaf/.npm/registry.npmjs.org/jquery/.cache.json
51 verbose correctMkdir /Users/overkazaf/.npm correctMkdir not in flight; initializing
52 http 304 https://registry.npmjs.org/echarts
53 silly get cb [ 304,
53 silly get   { date: 'Sun, 05 Jun 2016 14:24:54 GMT',
53 silly get     via: '1.1 varnish',
53 silly get     'cache-control': 'max-age=300',
53 silly get     etag: '"6Z37F7ZGEKXI2NPF6BI5P81KU"',
53 silly get     age: '0',
53 silly get     connection: 'keep-alive',
53 silly get     'x-served-by': 'cache-sin6921-SIN',
53 silly get     'x-cache': 'MISS',
53 silly get     'x-cache-hits': '0',
53 silly get     'x-timer': 'S1465136694.469119,VS0,VE255',
53 silly get     vary: 'Accept-Encoding' } ]
54 verbose etag https://registry.npmjs.org/echarts from cache
55 verbose get saving echarts to /Users/overkazaf/.npm/registry.npmjs.org/echarts/.cache.json
56 verbose correctMkdir /Users/overkazaf/.npm correctMkdir not in flight; initializing
57 silly install normalizeTree
58 silly loadCurrentTree Finishing
59 silly loadIdealTree Starting
60 silly install loadIdealTree
61 silly cloneCurrentTree Starting
62 silly install cloneCurrentTreeToIdealTree
63 silly cloneCurrentTree Finishing
64 silly loadShrinkwrap Starting
65 silly install loadShrinkwrap
66 silly loadShrinkwrap Finishing
67 silly loadAllDepsIntoIdealTree Starting
68 silly install loadAllDepsIntoIdealTree
69 silly resolveWithNewModule jquery@2.2.4 checking installable status
70 silly cache add args [ 'jquery', null ]
71 verbose cache add spec jquery
72 silly resolveWithNewModule bootstrap@3.3.6 checking installable status
73 silly cache add args [ 'bootstrap', null ]
74 verbose cache add spec bootstrap
75 silly resolveWithNewModule echarts@3.1.10 checking installable status
76 silly cache add args [ 'echarts', null ]
77 verbose cache add spec echarts
78 silly cache add parsed spec Result {
78 silly cache add   raw: 'jquery',
78 silly cache add   scope: null,
78 silly cache add   name: 'jquery',
78 silly cache add   rawSpec: '',
78 silly cache add   spec: 'latest',
78 silly cache add   type: 'tag' }
79 silly addNamed jquery@latest
80 verbose addNamed "latest" is being treated as a dist-tag for jquery
81 info addNameTag [ 'jquery', 'latest' ]
82 silly mapToRegistry name jquery
83 silly mapToRegistry using default registry
84 silly mapToRegistry registry https://registry.npmjs.org/
85 silly mapToRegistry data Result {
85 silly mapToRegistry   raw: 'jquery',
85 silly mapToRegistry   scope: null,
85 silly mapToRegistry   name: 'jquery',
85 silly mapToRegistry   rawSpec: '',
85 silly mapToRegistry   spec: 'latest',
85 silly mapToRegistry   type: 'tag' }
86 silly mapToRegistry uri https://registry.npmjs.org/jquery
87 verbose addNameTag registry:https://registry.npmjs.org/jquery not in flight; fetching
88 silly cache add parsed spec Result {
88 silly cache add   raw: 'bootstrap',
88 silly cache add   scope: null,
88 silly cache add   name: 'bootstrap',
88 silly cache add   rawSpec: '',
88 silly cache add   spec: 'latest',
88 silly cache add   type: 'tag' }
89 silly addNamed bootstrap@latest
90 verbose addNamed "latest" is being treated as a dist-tag for bootstrap
91 info addNameTag [ 'bootstrap', 'latest' ]
92 silly mapToRegistry name bootstrap
93 silly mapToRegistry using default registry
94 silly mapToRegistry registry https://registry.npmjs.org/
95 silly mapToRegistry data Result {
95 silly mapToRegistry   raw: 'bootstrap',
95 silly mapToRegistry   scope: null,
95 silly mapToRegistry   name: 'bootstrap',
95 silly mapToRegistry   rawSpec: '',
95 silly mapToRegistry   spec: 'latest',
95 silly mapToRegistry   type: 'tag' }
96 silly mapToRegistry uri https://registry.npmjs.org/bootstrap
97 verbose addNameTag registry:https://registry.npmjs.org/bootstrap not in flight; fetching
98 silly cache add parsed spec Result {
98 silly cache add   raw: 'echarts',
98 silly cache add   scope: null,
98 silly cache add   name: 'echarts',
98 silly cache add   rawSpec: '',
98 silly cache add   spec: 'latest',
98 silly cache add   type: 'tag' }
99 silly addNamed echarts@latest
100 verbose addNamed "latest" is being treated as a dist-tag for echarts
101 info addNameTag [ 'echarts', 'latest' ]
102 silly mapToRegistry name echarts
103 silly mapToRegistry using default registry
104 silly mapToRegistry registry https://registry.npmjs.org/
105 silly mapToRegistry data Result {
105 silly mapToRegistry   raw: 'echarts',
105 silly mapToRegistry   scope: null,
105 silly mapToRegistry   name: 'echarts',
105 silly mapToRegistry   rawSpec: '',
105 silly mapToRegistry   spec: 'latest',
105 silly mapToRegistry   type: 'tag' }
106 silly mapToRegistry uri https://registry.npmjs.org/echarts
107 verbose addNameTag registry:https://registry.npmjs.org/echarts not in flight; fetching
108 verbose get https://registry.npmjs.org/echarts not expired, no request
109 silly addNameTag next cb for echarts with tag latest
110 silly addNamed echarts@3.1.10
111 verbose addNamed "3.1.10" is a plain semver version for echarts
112 verbose get https://registry.npmjs.org/jquery not expired, no request
113 silly addNameTag next cb for jquery with tag latest
114 silly addNamed jquery@2.2.4
115 verbose addNamed "2.2.4" is a plain semver version for jquery
116 verbose get https://registry.npmjs.org/bootstrap not expired, no request
117 silly addNameTag next cb for bootstrap with tag latest
118 silly addNamed bootstrap@3.3.6
119 verbose addNamed "3.3.6" is a plain semver version for bootstrap
120 silly cache afterAdd jquery@2.2.4
121 verbose afterAdd /Users/overkazaf/.npm/jquery/2.2.4/package/package.json not in flight; writing
122 verbose correctMkdir /Users/overkazaf/.npm correctMkdir not in flight; initializing
123 silly cache afterAdd echarts@3.1.10
124 verbose afterAdd /Users/overkazaf/.npm/echarts/3.1.10/package/package.json not in flight; writing
125 verbose correctMkdir /Users/overkazaf/.npm correctMkdir not in flight; initializing
126 silly cache afterAdd bootstrap@3.3.6
127 verbose afterAdd /Users/overkazaf/.npm/bootstrap/3.3.6/package/package.json not in flight; writing
128 verbose correctMkdir /Users/overkazaf/.npm correctMkdir not in flight; initializing
129 verbose afterAdd /Users/overkazaf/.npm/jquery/2.2.4/package/package.json written
130 verbose afterAdd /Users/overkazaf/.npm/echarts/3.1.10/package/package.json written
131 verbose afterAdd /Users/overkazaf/.npm/bootstrap/3.3.6/package/package.json written
132 silly fetchNamedPackageData zrender
133 silly mapToRegistry name zrender
134 silly mapToRegistry using default registry
135 silly mapToRegistry registry https://registry.npmjs.org/
136 silly mapToRegistry data Result {
136 silly mapToRegistry   raw: 'zrender',
136 silly mapToRegistry   scope: null,
136 silly mapToRegistry   name: 'zrender',
136 silly mapToRegistry   rawSpec: '',
136 silly mapToRegistry   spec: 'latest',
136 silly mapToRegistry   type: 'tag' }
137 silly mapToRegistry uri https://registry.npmjs.org/zrender
138 verbose request uri https://registry.npmjs.org/zrender
139 verbose request no auth needed
140 info attempt registry request try #1 at 22:24:57
141 verbose etag "MW4DLCPRKDBUU1VY86WYAMRB"
142 http request GET https://registry.npmjs.org/zrender
143 http 304 https://registry.npmjs.org/zrender
144 silly get cb [ 304,
144 silly get   { date: 'Sun, 05 Jun 2016 14:24:55 GMT',
144 silly get     via: '1.1 varnish',
144 silly get     'cache-control': 'max-age=300',
144 silly get     etag: '"MW4DLCPRKDBUU1VY86WYAMRB"',
144 silly get     age: '0',
144 silly get     connection: 'keep-alive',
144 silly get     'x-served-by': 'cache-sin6926-SIN',
144 silly get     'x-cache': 'MISS',
144 silly get     'x-cache-hits': '0',
144 silly get     'x-timer': 'S1465136695.481234,VS0,VE249',
144 silly get     vary: 'Accept-Encoding' } ]
145 verbose etag https://registry.npmjs.org/zrender from cache
146 verbose get saving zrender to /Users/overkazaf/.npm/registry.npmjs.org/zrender/.cache.json
147 verbose correctMkdir /Users/overkazaf/.npm correctMkdir not in flight; initializing
148 silly resolveWithNewModule zrender@3.1.0 checking installable status
149 silly cache add args [ 'zrender@^3.1.0', null ]
150 verbose cache add spec zrender@^3.1.0
151 silly cache add parsed spec Result {
151 silly cache add   raw: 'zrender@^3.1.0',
151 silly cache add   scope: null,
151 silly cache add   name: 'zrender',
151 silly cache add   rawSpec: '^3.1.0',
151 silly cache add   spec: '>=3.1.0 <4.0.0',
151 silly cache add   type: 'range' }
152 silly addNamed zrender@>=3.1.0 <4.0.0
153 verbose addNamed ">=3.1.0 <4.0.0" is a valid semver range for zrender
154 silly addNameRange { name: 'zrender', range: '>=3.1.0 <4.0.0', hasData: false }
155 silly mapToRegistry name zrender
156 silly mapToRegistry using default registry
157 silly mapToRegistry registry https://registry.npmjs.org/
158 silly mapToRegistry data Result {
158 silly mapToRegistry   raw: 'zrender',
158 silly mapToRegistry   scope: null,
158 silly mapToRegistry   name: 'zrender',
158 silly mapToRegistry   rawSpec: '',
158 silly mapToRegistry   spec: 'latest',
158 silly mapToRegistry   type: 'tag' }
159 silly mapToRegistry uri https://registry.npmjs.org/zrender
160 verbose addNameRange registry:https://registry.npmjs.org/zrender not in flight; fetching
161 verbose get https://registry.npmjs.org/zrender not expired, no request
162 silly addNameRange number 2 { name: 'zrender', range: '>=3.1.0 <4.0.0', hasData: true }
163 silly addNameRange versions [ 'zrender',
163 silly addNameRange   [ '2.0.2',
163 silly addNameRange     '3.0.0',
163 silly addNameRange     '3.0.1',
163 silly addNameRange     '3.0.2',
163 silly addNameRange     '3.0.3',
163 silly addNameRange     '3.0.4',
163 silly addNameRange     '3.0.5',
163 silly addNameRange     '3.0.6',
163 silly addNameRange     '3.0.7',
163 silly addNameRange     '3.0.8',
163 silly addNameRange     '3.0.9',
163 silly addNameRange     '3.1.0' ] ]
164 silly addNamed zrender@3.1.0
165 verbose addNamed "3.1.0" is a plain semver version for zrender
166 silly cache afterAdd zrender@3.1.0
167 verbose afterAdd /Users/overkazaf/.npm/zrender/3.1.0/package/package.json not in flight; writing
168 verbose correctMkdir /Users/overkazaf/.npm correctMkdir not in flight; initializing
169 verbose afterAdd /Users/overkazaf/.npm/zrender/3.1.0/package/package.json written
170 silly loadAllDepsIntoIdealTree Finishing
171 silly idealTree:prePrune php-courses
171 silly idealTree:prePrune ├── bootstrap@3.3.6
171 silly idealTree:prePrune ├── echarts@3.1.10
171 silly idealTree:prePrune ├── jquery@2.2.4
171 silly idealTree:prePrune └── zrender@3.1.0
172 silly loadIdealTree Finishing
173 silly currentTree php-courses
173 silly currentTree ├── bootstrap@3.3.6
173 silly currentTree ├── echarts@3.1.10
173 silly currentTree ├── jquery@2.2.4
173 silly currentTree └── zrender@3.1.0
174 silly idealTree php-courses
174 silly idealTree ├── bootstrap@3.3.6
174 silly idealTree ├── echarts@3.1.10
174 silly idealTree ├── jquery@2.2.4
174 silly idealTree └── zrender@3.1.0
175 silly generateActionsToTake Starting
176 silly install generateActionsToTake
177 silly generateActionsToTake Finishing
178 silly diffTrees action count 0
179 silly decomposeActions action count 0
180 silly executeActions Starting
181 silly install executeActions
182 silly doSerial global-install 0
183 silly doParallel fetch 0
184 verbose correctMkdir /Users/overkazaf/.npm/_locks correctMkdir not in flight; initializing
185 verbose lock using /Users/overkazaf/.npm/_locks/staging-7e377db0d1c9d160.lock for /Users/overkazaf/Desktop/codes/git/php-courses/node_modules/.staging
186 verbose unlock done using /Users/overkazaf/.npm/_locks/staging-7e377db0d1c9d160.lock for /Users/overkazaf/Desktop/codes/git/php-courses/node_modules/.staging
187 silly rollbackFailedOptional Starting
188 silly rollbackFailedOptional Finishing
189 silly runTopLevelLifecycles Starting
190 silly runTopLevelLifecycles Finishing
191 silly install printInstalled
192 warn enoent ENOENT: no such file or directory, open '/Users/overkazaf/Desktop/codes/git/php-courses/package.json'
193 warn php-courses No description
194 warn php-courses No repository field.
195 warn php-courses No README data
196 warn php-courses No license field.
197 verbose stack Error: EACCES: permission denied, mkdir '/Users/overkazaf/Desktop/codes/git/php-courses/node_modules/.staging'
197 verbose stack     at Error (native)
198 verbose cwd /Users/overkazaf/Desktop/codes/git/php-courses/ext
199 error Darwin 15.4.0
200 error argv "/usr/local/bin/node" "/usr/local/bin/npm" "install" "jquery" "echarts" "bootstrap" "--save-dev"
201 error node v4.1.0
202 error npm  v3.8.3
203 error path /Users/overkazaf/Desktop/codes/git/php-courses/node_modules/.staging
204 error code EACCES
205 error errno -13
206 error syscall mkdir
207 error Error: EACCES: permission denied, mkdir '/Users/overkazaf/Desktop/codes/git/php-courses/node_modules/.staging'
207 error     at Error (native)
207 error  { [Error: EACCES: permission denied, mkdir '/Users/overkazaf/Desktop/codes/git/php-courses/node_modules/.staging']
207 error   errno: -13,
207 error   code: 'EACCES',
207 error   syscall: 'mkdir',
207 error   path: '/Users/overkazaf/Desktop/codes/git/php-courses/node_modules/.staging' }
208 error Please try running this command again as root/Administrator.
209 verbose exit [ -13, true ]
